[debug] [2023-02-15T03:24:33.584Z] ----------------------------------------------------------------------
[debug] [2023-02-15T03:24:33.586Z] Command:       C:\Program Files\nodejs\node.exe C:\Users\masun\AppData\Roaming\npm\node_modules\firebase-tools\lib\bin\firebase.js init
[debug] [2023-02-15T03:24:33.586Z] CLI Version:   11.23.1
[debug] [2023-02-15T03:24:33.586Z] Platform:      win32
[debug] [2023-02-15T03:24:33.586Z] Node Version:  v16.13.1
[debug] [2023-02-15T03:24:33.588Z] Time:          Wed Feb 15 2023 12:24:33 GMT+0900 (대한민국 표준시)
[debug] [2023-02-15T03:24:33.588Z] ----------------------------------------------------------------------
[debug] 
[debug] [2023-02-15T03:24:33.610Z] > command requires scopes: ["email","openid","https://www.googleapis.com/auth/cloudplatformprojects.readonly","https://www.googleapis.com/auth/firebase","https://www.googleapis.com/auth/cloud-platform"]
[debug] [2023-02-15T03:24:33.610Z] > authorizing via signed-in user (masunbin@gmail.com)
[info] 
     ######## #### ########  ######## ########     ###     ######  ########
     ##        ##  ##     ## ##       ##     ##  ##   ##  ##       ##
     ######    ##  ########  ######   ########  #########  ######  ######
     ##        ##  ##    ##  ##       ##     ## ##     ##       ## ##
     ##       #### ##     ## ######## ########  ##     ##  ######  ########

You're about to initialize a Firebase project in this directory:

  C:\Users\masun\Naver MYBOX\project

[info] 
=== Project Setup
[info] 
[info] First, let's associate this project directory with a Firebase project.
[info] You can create multiple project aliases by running firebase use --add, 
[info] but for now we'll just set up a default project.
[info] 
[debug] [2023-02-15T03:25:03.594Z] > refreshing access token with scopes: []
[debug] [2023-02-15T03:25:03.596Z] >>> [apiv2][query] POST https://www.googleapis.com/oauth2/v3/token [none]
[debug] [2023-02-15T03:25:03.596Z] >>> [apiv2][body] POST https://www.googleapis.com/oauth2/v3/token [omitted]
[debug] [2023-02-15T03:25:04.007Z] <<< [apiv2][status] POST https://www.googleapis.com/oauth2/v3/token 200
[debug] [2023-02-15T03:25:04.007Z] <<< [apiv2][body] POST https://www.googleapis.com/oauth2/v3/token [omitted]
[debug] [2023-02-15T03:25:04.029Z] >>> [apiv2][query] GET https://firebase.googleapis.com/v1beta1/projects pageSize=100
[debug] [2023-02-15T03:25:04.943Z] <<< [apiv2][status] GET https://firebase.googleapis.com/v1beta1/projects 200
[debug] [2023-02-15T03:25:04.944Z] <<< [apiv2][body] GET https://firebase.googleapis.com/v1beta1/projects [omitted]
[info] i  Using project anotherproject-6a908 (anotherproject) 
[info] 
=== Firestore Setup
[debug] [2023-02-15T03:25:06.573Z] >>> [apiv2][query] GET https://serviceusage.googleapis.com/v1/projects/anotherproject-6a908/services/firestore.googleapis.com [none]
[debug] [2023-02-15T03:25:06.573Z] >>> [apiv2][(partial)header] GET https://serviceusage.googleapis.com/v1/projects/anotherproject-6a908/services/firestore.googleapis.com x-goog-quota-user=projects/anotherproject-6a908
[debug] [2023-02-15T03:25:07.871Z] <<< [apiv2][status] GET https://serviceusage.googleapis.com/v1/projects/anotherproject-6a908/services/firestore.googleapis.com 200
[debug] [2023-02-15T03:25:07.871Z] <<< [apiv2][body] GET https://serviceusage.googleapis.com/v1/projects/anotherproject-6a908/services/firestore.googleapis.com [omitted]
[debug] [2023-02-15T03:25:07.872Z] >>> [apiv2][query] GET https://firestore.googleapis.com/v1/projects/anotherproject-6a908/databases/(default) [none]
[debug] [2023-02-15T03:25:08.390Z] <<< [apiv2][status] GET https://firestore.googleapis.com/v1/projects/anotherproject-6a908/databases/(default) 200
[debug] [2023-02-15T03:25:08.390Z] <<< [apiv2][body] GET https://firestore.googleapis.com/v1/projects/anotherproject-6a908/databases/(default) {"name":"projects/anotherproject-6a908/databases/(default)","uid":"54e8a552-cf75-47fb-85f1-24108f31d9da","createTime":"2023-02-15T01:53:58.221242Z","updateTime":"2023-02-15T01:53:58.221242Z","locationId":"asia-northeast3","type":"FIRESTORE_NATIVE","concurrencyMode":"PESSIMISTIC","appEngineIntegrationMode":"DISABLED","keyPrefix":"v","etag":"IMHf8oPKlv0CMN7nm+C4lv0C"}
[debug] [2023-02-15T03:25:08.390Z] database_type: FIRESTORE_NATIVE
[debug] [2023-02-15T03:25:08.391Z] > command requires scopes: ["email","openid","https://www.googleapis.com/auth/cloudplatformprojects.readonly","https://www.googleapis.com/auth/firebase","https://www.googleapis.com/auth/cloud-platform"]
[debug] [2023-02-15T03:25:08.391Z] > authorizing via signed-in user (masunbin@gmail.com)
[debug] [2023-02-15T03:25:08.391Z] [iam] checking project anotherproject-6a908 for permissions ["firebase.projects.get"]
[debug] [2023-02-15T03:25:08.391Z] >>> [apiv2][query] POST https://cloudresourcemanager.googleapis.com/v1/projects/anotherproject-6a908:testIamPermissions [none]
[debug] [2023-02-15T03:25:08.391Z] >>> [apiv2][(partial)header] POST https://cloudresourcemanager.googleapis.com/v1/projects/anotherproject-6a908:testIamPermissions x-goog-quota-user=projects/anotherproject-6a908
[debug] [2023-02-15T03:25:08.391Z] >>> [apiv2][body] POST https://cloudresourcemanager.googleapis.com/v1/projects/anotherproject-6a908:testIamPermissions {"permissions":["firebase.projects.get"]}
[debug] [2023-02-15T03:25:08.839Z] <<< [apiv2][status] POST https://cloudresourcemanager.googleapis.com/v1/projects/anotherproject-6a908:testIamPermissions 200
[debug] [2023-02-15T03:25:08.840Z] <<< [apiv2][body] POST https://cloudresourcemanager.googleapis.com/v1/projects/anotherproject-6a908:testIamPermissions {"permissions":["firebase.projects.get"]}
[info] 
[info] Firestore Security Rules allow you to define how and when to allow
[info] requests. You can keep these rules in your project directory
[info] and publish them with firebase deploy.
[info] 
[info] 
[info] Firestore indexes allow you to perform complex queries while
[info] maintaining performance that scales with the size of the result
[info] set. You can keep index definitions in your project directory
[info] and publish them with firebase deploy.
[info] 
[info] 
=== Hosting Setup
[info] 
[info] Your public directory is the folder (relative to your project directory) that
[info] will contain Hosting assets to be uploaded with firebase deploy. If you
[info] have a build process for your assets, use your build's output directory.
[info] 
[info] i  Skipping write of public/404.html 
[debug] [2023-02-15T03:25:35.270Z] >>> [apiv2][query] GET https://www.gstatic.com/firebasejs/releases.json [none]
[debug] [2023-02-15T03:25:35.580Z] <<< [apiv2][status] GET https://www.gstatic.com/firebasejs/releases.json 200
[debug] [2023-02-15T03:25:35.580Z] <<< [apiv2][body] GET https://www.gstatic.com/firebasejs/releases.json {"current":{"version":"9.17.1","browserURL":"https://www.gstatic.com/firebasejs/9.17.1/firebase.js","packageURL":"https://www.gstatic.com/firebasejs/9.17.1/firebase.tgz"},"live":{"version":"9.17","browserURL":"https://www.gstatic.com/firebasejs/live/9.17/firebase.js","packageURL":"https://www.gstatic.com/firebasejs/live/9.17/firebase.tgz"},"components":{"analytics":"https://www.gstatic.com/firebasejs/9.17.1/firebase-analytics.js","app":"https://www.gstatic.com/firebasejs/9.17.1/firebase-app.js","app-check":"https://www.gstatic.com/firebasejs/9.17.1/firebase-app-check.js","auth":"https://www.gstatic.com/firebasejs/9.17.1/firebase-auth.js","auth/cordova":"https://www.gstatic.com/firebasejs/9.17.1/firebase-auth/cordova.js","auth/react-native":"https://www.gstatic.com/firebasejs/9.17.1/firebase-auth/react-native.js","functions":"https://www.gstatic.com/firebasejs/9.17.1/firebase-functions.js","firestore":"https://www.gstatic.com/firebasejs/9.17.1/firebase-firestore.js","firestore/lite":"https://www.gstatic.com/firebasejs/9.17.1/firebase-firestore/lite.js","installations":"https://www.gstatic.com/firebasejs/9.17.1/firebase-installations.js","storage":"https://www.gstatic.com/firebasejs/9.17.1/firebase-storage.js","performance":"https://www.gstatic.com/firebasejs/9.17.1/firebase-performance.js","remote-config":"https://www.gstatic.com/firebasejs/9.17.1/firebase-remote-config.js","messaging":"https://www.gstatic.com/firebasejs/9.17.1/firebase-messaging.js","messaging/sw":"https://www.gstatic.com/firebasejs/9.17.1/firebase-messaging/sw.js","database":"https://www.gstatic.com/firebasejs/9.17.1/firebase-database.js","firestore.memory":"https://www.gstatic.com/firebasejs/9.17.1/firebase-firestore.memory.js"}}
[info] i  Skipping write of public/index.html 
[info] 
[info] i  Detected a .git folder at C:\Users\masun 
[info] i  Authorizing with GitHub to upload your service account to a GitHub repository's secrets store. 
[info] 
[info] Visit this URL on this device to log in:
[info] https://github.com/login/oauth/authorize?client_id=89cf50f02ac6aaed3484&state=84094000&redirect_uri=http%3A%2F%2Flocalhost%3A9005&scope=read%3Auser%20repo%20public_repo
[info] 
[info] Waiting for authentication...
[debug] [2023-02-15T03:25:37.886Z] >>> [apiv2][query] POST https://github.com/login/oauth/access_token [none]
[debug] [2023-02-15T03:25:37.887Z] >>> [apiv2][body] POST https://github.com/login/oauth/access_token [stream]
[debug] [2023-02-15T03:25:38.333Z] <<< [apiv2][status] POST https://github.com/login/oauth/access_token 200
[debug] [2023-02-15T03:25:38.333Z] <<< [apiv2][body] POST https://github.com/login/oauth/access_token {"access_token":"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","token_type":"bearer","scope":"read:user,repo"}
[debug] [2023-02-15T03:25:38.338Z] >>> [apiv2][query] GET https://api.github.com/user [none]
[debug] [2023-02-15T03:25:38.850Z] <<< [apiv2][status] GET https://api.github.com/user 200
[debug] [2023-02-15T03:25:38.850Z] <<< [apiv2][body] GET https://api.github.com/user {"login":"masunbin8","id":125235120,"node_id":"U_kgDOB3bvsA","avatar_url":"https://avatars.githubusercontent.com/u/125235120?v=4","gravatar_id":"","url":"https://api.github.com/users/masunbin8","html_url":"https://github.com/masunbin8","followers_url":"https://api.github.com/users/masunbin8/followers","following_url":"https://api.github.com/users/masunbin8/following{/other_user}","gists_url":"https://api.github.com/users/masunbin8/gists{/gist_id}","starred_url":"https://api.github.com/users/masunbin8/starred{/owner}{/repo}","subscriptions_url":"https://api.github.com/users/masunbin8/subscriptions","organizations_url":"https://api.github.com/users/masunbin8/orgs","repos_url":"https://api.github.com/users/masunbin8/repos","events_url":"https://api.github.com/users/masunbin8/events{/privacy}","received_events_url":"https://api.github.com/users/masunbin8/received_events","type":"User","site_admin":false,"name":null,"company":null,"blog":"","location":null,"email":null,"hireable":null,"bio":null,"twitter_username":null,"public_repos":2,"public_gists":0,"followers":0,"following":0,"created_at":"2023-02-13T03:35:20Z","updated_at":"2023-02-14T00:40:54Z","private_gists":0,"total_private_repos":1,"owned_private_repos":1,"disk_usage":44,"collaborators":0,"two_factor_authentication":false,"plan":{"name":"pro","space":976562499,"collaborators":0,"private_repos":9999}}
[info] 
[info] +  Success! Logged into GitHub as masunbin8 
[info] 
[debug] [2023-02-15T03:51:18.065Z] >>> [apiv2][query] GET https://api.github.com/repos/masunbin8/anotherproject/actions/secrets/public-key type=owner
[debug] [2023-02-15T03:51:18.469Z] <<< [apiv2][status] GET https://api.github.com/repos/masunbin8/anotherproject/actions/secrets/public-key 404
[debug] [2023-02-15T03:51:18.470Z] <<< [apiv2][body] GET https://api.github.com/repos/masunbin8/anotherproject/actions/secrets/public-key {"message":"Not Found","documentation_url":"https://docs.github.com/rest/reference/actions#get-a-repository-public-key"}
[debug] [2023-02-15T04:08:03.744Z] >>> [apiv2][query] GET https://api.github.com/repos/masunbin8/anotherproject/actions/secrets/public-key type=owner
[debug] [2023-02-15T04:08:04.028Z] >>> [apiv2][query] GET https://api.github.com/repos//actions/secrets/public-key type=owner
[debug] [2023-02-15T04:08:04.102Z] <<< [apiv2][status] GET https://api.github.com/repos/masunbin8/anotherproject/actions/secrets/public-key 404
[debug] [2023-02-15T04:08:04.102Z] <<< [apiv2][body] GET https://api.github.com/repos/masunbin8/anotherproject/actions/secrets/public-key {"message":"Not Found","documentation_url":"https://docs.github.com/rest/reference/actions#get-a-repository-public-key"}
[debug] [2023-02-15T04:08:04.206Z] >>> [apiv2][query] GET https://api.github.com/repos/masunbin8/anotherproject/actions/secrets/public-key type=owner
[debug] [2023-02-15T04:08:04.330Z] <<< [apiv2][status] GET https://api.github.com/repos//actions/secrets/public-key 404
[debug] [2023-02-15T04:08:04.330Z] <<< [apiv2][body] GET https://api.github.com/repos//actions/secrets/public-key {"message":"Not Found","documentation_url":"https://docs.github.com/rest"}
[debug] [2023-02-15T04:08:04.370Z] >>> [apiv2][query] GET https://api.github.com/repos//actions/secrets/public-key type=owner
[debug] [2023-02-15T04:08:04.503Z] <<< [apiv2][status] GET https://api.github.com/repos/masunbin8/anotherproject/actions/secrets/public-key 404
[debug] [2023-02-15T04:08:04.503Z] <<< [apiv2][body] GET https://api.github.com/repos/masunbin8/anotherproject/actions/secrets/public-key {"message":"Not Found","documentation_url":"https://docs.github.com/rest/reference/actions#get-a-repository-public-key"}
[debug] [2023-02-15T04:08:04.508Z] >>> [apiv2][query] GET https://api.github.com/repos/masunbin8/anotherproject/actions/secrets/public-key type=owner
[debug] [2023-02-15T04:08:04.650Z] <<< [apiv2][status] GET https://api.github.com/repos//actions/secrets/public-key 404
[debug] [2023-02-15T04:08:04.650Z] <<< [apiv2][body] GET https://api.github.com/repos//actions/secrets/public-key {"message":"Not Found","documentation_url":"https://docs.github.com/rest"}
[debug] [2023-02-15T04:08:04.657Z] >>> [apiv2][query] GET https://api.github.com/repos//actions/secrets/public-key type=owner
[debug] [2023-02-15T04:08:04.805Z] <<< [apiv2][status] GET https://api.github.com/repos/masunbin8/anotherproject/actions/secrets/public-key 404
[debug] [2023-02-15T04:08:04.805Z] <<< [apiv2][body] GET https://api.github.com/repos/masunbin8/anotherproject/actions/secrets/public-key {"message":"Not Found","documentation_url":"https://docs.github.com/rest/reference/actions#get-a-repository-public-key"}
[debug] [2023-02-15T04:08:04.951Z] <<< [apiv2][status] GET https://api.github.com/repos//actions/secrets/public-key 404
[debug] [2023-02-15T04:08:04.952Z] <<< [apiv2][body] GET https://api.github.com/repos//actions/secrets/public-key {"message":"Not Found","documentation_url":"https://docs.github.com/rest"}
[debug] [2023-02-15T04:08:05.341Z] >>> [apiv2][query] GET https://api.github.com/repos/masunbin8/anotherproject/actions/secrets/public-key type=owner
[debug] [2023-02-15T04:08:05.647Z] <<< [apiv2][status] GET https://api.github.com/repos/masunbin8/anotherproject/actions/secrets/public-key 404
[debug] [2023-02-15T04:08:05.647Z] <<< [apiv2][body] GET https://api.github.com/repos/masunbin8/anotherproject/actions/secrets/public-key {"message":"Not Found","documentation_url":"https://docs.github.com/rest/reference/actions#get-a-repository-public-key"}
[debug] [2023-02-15T04:08:05.877Z] >>> [apiv2][query] GET https://api.github.com/repos/masunbin8/anotherproject/actions/secrets/public-key type=owner
[debug] [2023-02-15T04:08:06.161Z] <<< [apiv2][status] GET https://api.github.com/repos/masunbin8/anotherproject/actions/secrets/public-key 404
[debug] [2023-02-15T04:08:06.162Z] <<< [apiv2][body] GET https://api.github.com/repos/masunbin8/anotherproject/actions/secrets/public-key {"message":"Not Found","documentation_url":"https://docs.github.com/rest/reference/actions#get-a-repository-public-key"}
[debug] [2023-02-15T04:08:06.821Z] >>> [apiv2][query] GET https://api.github.com/repos/masunbin8/anotherproject/actions/secrets/public-key type=owner
[debug] [2023-02-15T04:08:07.113Z] <<< [apiv2][status] GET https://api.github.com/repos/masunbin8/anotherproject/actions/secrets/public-key 404
[debug] [2023-02-15T04:08:07.113Z] <<< [apiv2][body] GET https://api.github.com/repos/masunbin8/anotherproject/actions/secrets/public-key {"message":"Not Found","documentation_url":"https://docs.github.com/rest/reference/actions#get-a-repository-public-key"}
[debug] [2023-02-15T04:08:07.759Z] >>> [apiv2][query] GET https://api.github.com/repos/masunbin8/anotherproject/actions/secrets/public-key type=owner
[debug] [2023-02-15T04:08:08.061Z] <<< [apiv2][status] GET https://api.github.com/repos/masunbin8/anotherproject/actions/secrets/public-key 404
[debug] [2023-02-15T04:08:08.062Z] <<< [apiv2][body] GET https://api.github.com/repos/masunbin8/anotherproject/actions/secrets/public-key {"message":"Not Found","documentation_url":"https://docs.github.com/rest/reference/actions#get-a-repository-public-key"}
[debug] [2023-02-15T04:08:08.560Z] >>> [apiv2][query] GET https://api.github.com/repos/masunbin8/anotherproject/actions/secrets/public-key type=owner
[debug] [2023-02-15T04:08:08.855Z] <<< [apiv2][status] GET https://api.github.com/repos/masunbin8/anotherproject/actions/secrets/public-key 404
[debug] [2023-02-15T04:08:08.855Z] <<< [apiv2][body] GET https://api.github.com/repos/masunbin8/anotherproject/actions/secrets/public-key {"message":"Not Found","documentation_url":"https://docs.github.com/rest/reference/actions#get-a-repository-public-key"}
